<?xml version="1.0" encoding="UTF-8"?>
<!-- Generated by org.testng.reporters.JUnitReportReporter -->
<testsuite hostname="mac.local" failures="0" tests="1" name="runner.runner" time="7.272" errors="0" timestamp="2024-12-31T13:12:10 IST" skipped="0">
  <testcase classname="runner.runner" name="runScenario" time="7.272"/>
  <system-out/>
</testsuite> <!-- runner.runner -->
